================================================================================
URL DISCOVERY - Finding Article URLs from Curated Sites
================================================================================
Config: /home/user/FashionDB/scrapers/curated_sites_expanded.json
Output: /home/user/FashionDB/data/discovered_article_urls.json
================================================================================

Loaded 24 active sites
Starting URL discovery for 24 sites...
Max pagination pages per category: 10


[1/24] Processing Articles of Style - Core Guides...

======================================================================
Discovering URLs: Articles of Style - Core Guides
Domain: articlesofstyle.com
======================================================================

Category: https://www.articlesofstyle.com/category/style-guides/
    Discovering posts from: https://www.articlesofstyle.com/category/style-guides/
  [!] Fetch failed (attempt 1/3): 404 Client Error: Not Found for url: https://articlesofstyle.com/category/style-guides
  [!] Fetch failed (attempt 2/3): 404 Client Error: Not Found for url: https://articlesofstyle.com/category/style-guides
  [!] Fetch failed (attempt 3/3): 404 Client Error: Not Found for url: https://articlesofstyle.com/category/style-guides
  Page 1: Found 0 article URLs
    Discovering posts from: https://www.articlesofstyle.com/category/style-guides//page/2/
  [!] Fetch failed (attempt 1/3): 404 Client Error: Not Found for url: https://articlesofstyle.com/category/style-guides/page/2
  [!] Fetch failed (attempt 2/3): 404 Client Error: Not Found for url: https://articlesofstyle.com/category/style-guides/page/2
  [!] Fetch failed (attempt 3/3): 404 Client Error: Not Found for url: https://articlesofstyle.com/category/style-guides/page/2
    Discovering posts from: https://www.articlesofstyle.com/category/style-guides/page/2/
  [!] Fetch failed (attempt 1/3): 404 Client Error: Not Found for url: https://articlesofstyle.com/category/style-guides/page/2
  [!] Fetch failed (attempt 2/3): 404 Client Error: Not Found for url: https://articlesofstyle.com/category/style-guides/page/2
  [!] Fetch failed (attempt 3/3): 404 Client Error: Not Found for url: https://articlesofstyle.com/category/style-guides/page/2
    Discovering posts from: https://www.articlesofstyle.com/category/style-guides/?page=2
  [!] Fetch failed (attempt 1/3): 404 Client Error: Not Found for url: https://articlesofstyle.com/category/style-guides?page=2
  [!] Fetch failed (attempt 2/3): 404 Client Error: Not Found for url: https://articlesofstyle.com/category/style-guides?page=2
  [!] Fetch failed (attempt 3/3): 404 Client Error: Not Found for url: https://articlesofstyle.com/category/style-guides?page=2
    Discovering posts from: https://www.articlesofstyle.com/category/style-guides/&page=2
  [!] Fetch failed (attempt 1/3): 404 Client Error: Not Found for url: https://articlesofstyle.com/category/style-guides/&page=2
  [!] Fetch failed (attempt 2/3): 404 Client Error: Not Found for url: https://articlesofstyle.com/category/style-guides/&page=2
  [!] Fetch failed (attempt 3/3): 404 Client Error: Not Found for url: https://articlesofstyle.com/category/style-guides/&page=2
  Total from this category: 0 URLs

Category: https://www.articlesofstyle.com/category/wardrobe-building/
    Discovering posts from: https://www.articlesofstyle.com/category/wardrobe-building/
  [!] Fetch failed (attempt 1/3): 404 Client Error: Not Found for url: https://articlesofstyle.com/category/wardrobe-building
  [!] Fetch failed (attempt 2/3): 404 Client Error: Not Found for url: https://articlesofstyle.com/category/wardrobe-building
  [!] Fetch failed (attempt 3/3): 404 Client Error: Not Found for url: https://articlesofstyle.com/category/wardrobe-building
  Page 1: Found 0 article URLs
    Discovering posts from: https://www.articlesofstyle.com/category/wardrobe-building//page/2/
  [!] Fetch failed (attempt 1/3): 404 Client Error: Not Found for url: https://articlesofstyle.com/category/wardrobe-building/page/2
  [!] Fetch failed (attempt 2/3): 404 Client Error: Not Found for url: https://articlesofstyle.com/category/wardrobe-building/page/2
  [!] Fetch failed (attempt 3/3): 404 Client Error: Not Found for url: https://articlesofstyle.com/category/wardrobe-building/page/2
    Discovering posts from: https://www.articlesofstyle.com/category/wardrobe-building/page/2/
  [!] Fetch failed (attempt 1/3): 404 Client Error: Not Found for url: https://articlesofstyle.com/category/wardrobe-building/page/2
  [!] Fetch failed (attempt 2/3): 404 Client Error: Not Found for url: https://articlesofstyle.com/category/wardrobe-building/page/2
  [!] Fetch failed (attempt 3/3): 404 Client Error: Not Found for url: https://articlesofstyle.com/category/wardrobe-building/page/2
    Discovering posts from: https://www.articlesofstyle.com/category/wardrobe-building/?page=2
  [!] Fetch failed (attempt 1/3): 404 Client Error: Not Found for url: https://articlesofstyle.com/category/wardrobe-building?page=2
  [!] Fetch failed (attempt 2/3): 404 Client Error: Not Found for url: https://articlesofstyle.com/category/wardrobe-building?page=2
  [!] Fetch failed (attempt 3/3): 404 Client Error: Not Found for url: https://articlesofstyle.com/category/wardrobe-building?page=2
    Discovering posts from: https://www.articlesofstyle.com/category/wardrobe-building/&page=2
  [!] Fetch failed (attempt 1/3): 404 Client Error: Not Found for url: https://articlesofstyle.com/category/wardrobe-building/&page=2
  [!] Fetch failed (attempt 2/3): 404 Client Error: Not Found for url: https://articlesofstyle.com/category/wardrobe-building/&page=2
  [!] Fetch failed (attempt 3/3): 404 Client Error: Not Found for url: https://articlesofstyle.com/category/wardrobe-building/&page=2
  Total from this category: 0 URLs

✓ Total URLs discovered for Articles of Style - Core Guides: 0

[2/24] Processing Permanent Style - Technical Standards...

======================================================================
Discovering URLs: Permanent Style - Technical Standards
Domain: permanentstyle.com
======================================================================

Category: https://www.permanentstyle.com/category/rules/
    Discovering posts from: https://www.permanentstyle.com/category/rules/
  [!] Fetch failed (attempt 1/3): 404 Client Error: Not Found for url: https://www.permanentstyle.com/category/rules/
  [!] Fetch failed (attempt 2/3): 404 Client Error: Not Found for url: https://www.permanentstyle.com/category/rules/
  [!] Fetch failed (attempt 3/3): 404 Client Error: Not Found for url: https://www.permanentstyle.com/category/rules/
  Page 1: Found 0 article URLs
    Discovering posts from: https://www.permanentstyle.com/category/rules//page/2/
  [!] Fetch failed (attempt 1/3): 404 Client Error: Not Found for url: https://www.permanentstyle.com/category/rules//page/2/
  [!] Fetch failed (attempt 2/3): 404 Client Error: Not Found for url: https://www.permanentstyle.com/category/rules//page/2/
  [!] Fetch failed (attempt 3/3): 404 Client Error: Not Found for url: https://www.permanentstyle.com/category/rules//page/2/
    Discovering posts from: https://www.permanentstyle.com/category/rules/page/2/
  [!] Fetch failed (attempt 1/3): 404 Client Error: Not Found for url: https://www.permanentstyle.com/category/rules/page/2/
  [!] Fetch failed (attempt 2/3): 404 Client Error: Not Found for url: https://www.permanentstyle.com/category/rules/page/2/
  [!] Fetch failed (attempt 3/3): 404 Client Error: Not Found for url: https://www.permanentstyle.com/category/rules/page/2/
    Discovering posts from: https://www.permanentstyle.com/category/rules/?page=2
  [!] Fetch failed (attempt 1/3): 404 Client Error: Not Found for url: https://www.permanentstyle.com/category/rules/?page=2
  [!] Fetch failed (attempt 2/3): 404 Client Error: Not Found for url: https://www.permanentstyle.com/category/rules/?page=2
  [!] Fetch failed (attempt 3/3): 404 Client Error: Not Found for url: https://www.permanentstyle.com/category/rules/?page=2
    Discovering posts from: https://www.permanentstyle.com/category/rules/&page=2
  [!] Fetch failed (attempt 1/3): 404 Client Error: Not Found for url: https://www.permanentstyle.com/category/rules/&page=2
  [!] Fetch failed (attempt 2/3): 404 Client Error: Not Found for url: https://www.permanentstyle.com/category/rules/&page=2
  [!] Fetch failed (attempt 3/3): 404 Client Error: Not Found for url: https://www.permanentstyle.com/category/rules/&page=2
  Total from this category: 0 URLs

Category: https://www.permanentstyle.com/category/basics/
    Discovering posts from: https://www.permanentstyle.com/category/basics/
  [!] Fetch failed (attempt 1/3): 404 Client Error: Not Found for url: https://www.permanentstyle.com/category/basics/
  [!] Fetch failed (attempt 2/3): 404 Client Error: Not Found for url: https://www.permanentstyle.com/category/basics/
  [!] Fetch failed (attempt 3/3): 404 Client Error: Not Found for url: https://www.permanentstyle.com/category/basics/
  Page 1: Found 0 article URLs
    Discovering posts from: https://www.permanentstyle.com/category/basics//page/2/
